2023-04-02 22:59:49,736 - main - DEBUG - [INFO] Request received for `Aadhar_Card`...
2023-04-02 22:59:49,742 - main - DEBUG - [INFO] Document image file uploaded successfully: `uploads/Aadhar_Card/Screenshot_2023-03-13_at_10.45.33_PM.png` 
2023-04-02 22:59:49,743 - main - DEBUG - [INFO] Processing image file...
2023-04-02 23:02:27,628 - main - DEBUG - [INFO] Request received for `Aadhar_Card`...
2023-04-02 23:02:27,635 - main - DEBUG - [INFO] Document image file uploaded successfully: `uploads/Aadhar_Card/Screenshot_2023-03-13_at_10.45.33_PM.png` 
2023-04-02 23:02:27,635 - main - DEBUG - [INFO] Processing image file...
2023-04-02 23:04:39,082 - main - DEBUG - [INFO] Request received for `Aadhar_Card`...
2023-04-02 23:04:39,087 - main - DEBUG - [INFO] Document image file uploaded successfully: `uploads/Aadhar_Card/Screenshot_2023-03-13_at_10.45.33_PM.png` 
2023-04-02 23:04:39,087 - main - DEBUG - [INFO] Processing image file...
2023-04-02 23:04:45,874 - main - DEBUG - [INFO] Aadhar Card Raw Text `[]`
2023-04-02 23:06:13,478 - main - DEBUG - [INFO] Request received for `Aadhar_Card`...
2023-04-02 23:06:13,483 - main - DEBUG - [INFO] Document image file uploaded successfully: `uploads/Aadhar_Card/Screenshot_2023-03-13_at_10.45.33_PM.png` 
2023-04-02 23:06:13,483 - main - DEBUG - [INFO] Processing image file...
2023-04-02 23:06:19,207 - main - DEBUG - [INFO] Aadhar Card Raw Text `[]`
2023-04-02 23:15:20,822 - main - DEBUG - [INFO] Request received for `Aadhar_Card`...
2023-04-02 23:15:20,829 - main - DEBUG - [INFO] Document image file uploaded successfully: `uploads/Aadhar_Card/Screenshot_2023-03-13_at_10.45.33_PM.png` 
2023-04-02 23:15:20,829 - main - DEBUG - [INFO] Processing image file...
2023-04-02 23:15:26,719 - main - DEBUG - [INFO] Aadhar Card Raw Text `[]`
2023-04-02 23:15:28,586 - main - DEBUG - [INFO] found 1 face(s) In this document.
2023-04-02 23:15:28,599 - main - DEBUG - [INFO] Saving crop face to face folder...
2023-04-02 23:15:28,602 - main - DEBUG - [INFO] Aadhar Card  Clean Text Extracted: {'Face_Found': 'True'}
2023-04-02 23:15:28,603 - main - DEBUG - [INFO] Request Completed for `Aadhar_Card` 
2023-04-02 23:15:28,603 - main - DEBUG - ######################################################################################
2023-04-02 23:17:51,774 - main - DEBUG - [INFO] Request received for `Aadhar_Card`...
2023-04-02 23:17:51,780 - main - DEBUG - [INFO] Document image file uploaded successfully: `uploads/Aadhar_Card/Screenshot_2023-03-13_at_10.45.33_PM.png` 
2023-04-02 23:17:51,780 - main - DEBUG - [INFO] Processing image file...
2023-04-02 23:17:57,494 - main - DEBUG - [INFO] Aadhar Card Raw Text `[]`
2023-04-02 23:17:59,496 - main - DEBUG - [INFO] found 1 face(s) In this document.
2023-04-02 23:17:59,509 - main - DEBUG - [INFO] Saving crop face to face folder...
2023-04-02 23:17:59,511 - main - DEBUG - [INFO] Aadhar Card  Clean Text Extracted: {'Face_Found': 'True'}
2023-04-02 23:17:59,512 - main - DEBUG - [INFO] Request Completed for `Aadhar_Card` 
2023-04-02 23:17:59,512 - main - DEBUG - ######################################################################################
2023-04-02 23:20:07,954 - main - DEBUG - [INFO] Request received for `Pancard`...
2023-04-02 23:20:07,959 - main - DEBUG - [INFO] Document image file uploaded successfully: `uploads/Pancard/pan_from_internet2.png` 
2023-04-02 23:20:07,959 - main - DEBUG - [INFO] Processing image file...
2023-04-02 23:20:09,720 - main - DEBUG - [INFO] Pancard Raw text: `['SR', 'et', 'HYA', 'AYPRY', 'INCOME', 'TAX', 'DEPARTMENT', 'GOVT.', 'OF', 'INDIA', '-', 'D', 'MANIKANDAN', '7', ':', 'v,:(l;),', 'Ay', 'DURAISAMY', 'T', '16/07/1986', 'Loy', 'Permanent', 'Account', 'Number', 'BNZPM2501F', '(Q.', 'mu\\ls\\a.mo-%\\q', 'Signature', 'Ll']` 
2023-04-02 23:20:09,936 - main - DEBUG - [INFO] found 1 face(s) In this document.
2023-04-02 23:20:09,939 - main - DEBUG - [INFO] Saving crop face to face folder...
2023-04-02 23:20:09,940 - main - DEBUG - [INFO] Pancard Clean Text Extracted: {'Pan No: ': 'BNZPM2501F', 'Birth Date: ': '16/07/1986', 'Name:': '-', "Father's Name:": 'D MANIKANDAN', 'Face_Found': 'True'}
2023-04-02 23:20:09,941 - main - DEBUG - [INFO] Request Completed for `Pancard` 
2023-04-02 23:20:09,941 - main - DEBUG - ######################################################################################
2023-04-02 23:20:31,692 - main - DEBUG - [INFO] Request received for `Pancard`...
2023-04-02 23:20:31,695 - main - DEBUG - [INFO] Document image file uploaded successfully: `uploads/Pancard/p11.jpg` 
2023-04-02 23:20:31,695 - main - DEBUG - [INFO] Processing image file...
2023-04-02 23:20:33,149 - main - DEBUG - [INFO] Pancard Raw text: `['BMIHY', 'AT', 'HA', 'ALhR', 'INCOME', 'TAX', 'DEPARTMENT', 'D)', 'GOVT.', 'OF', 'INDIA', 'e', 'PRAMOD', 'KUMAR', 'MAHTO', 'VASUDEV', 'MAHTO', '03/04/1982', 'Permanent', 'Account', 'Number', 'ANRPM2537J', 'mod', 'Signature']` 
2023-04-02 23:20:33,233 - main - DEBUG - [INFO] found 1 face(s) In this document.
2023-04-02 23:20:33,235 - main - DEBUG - [INFO] Saving crop face to face folder...
2023-04-02 23:20:33,235 - main - DEBUG - [INFO] Pancard Clean Text Extracted: {'Pan No: ': 'ANRPM2537J', 'Birth Date: ': '03/04/1982', 'Name:': 'e', "Father's Name:": 'PRAMOD KUMAR MAHTO', 'Face_Found': 'True'}
2023-04-02 23:20:33,236 - main - DEBUG - [INFO] Request Completed for `Pancard` 
2023-04-02 23:20:33,236 - main - DEBUG - ######################################################################################
2023-04-02 23:28:06,115 - main - DEBUG - [INFO] Request received for `Pancard`...
2023-04-02 23:28:06,119 - main - DEBUG - [INFO] Document image file uploaded successfully: `uploads/Pancard/pan_from_internet2.png` 
2023-04-02 23:28:06,119 - main - DEBUG - [INFO] Processing image file...
2023-04-02 23:28:07,902 - main - DEBUG - [INFO] Pancard Raw text: `['SR', 'et', 'HYA', 'AYPRY', 'INCOME', 'TAX', 'DEPARTMENT', 'GOVT.', 'OF', 'INDIA', '-', 'D', 'MANIKANDAN', '7', ':', 'v,:(l;),', 'Ay', 'DURAISAMY', 'T', '16/07/1986', 'Loy', 'Permanent', 'Account', 'Number', 'BNZPM2501F', '(Q.', 'mu\\ls\\a.mo-%\\q', 'Signature', 'Ll']` 
2023-04-02 23:28:08,022 - main - DEBUG - [INFO] found 1 face(s) In this document.
2023-04-02 23:28:08,025 - main - DEBUG - [INFO] Saving crop face to face folder...
2023-04-02 23:28:08,030 - main - DEBUG - [INFO] Pancard Clean Text Extracted: {'Pan No: ': 'BNZPM2501F', 'Birth Date: ': '16/07/1986', 'Name:': '-', "Father's Name:": 'D MANIKANDAN', 'Face_Found': 'True'}
2023-04-02 23:28:08,030 - main - DEBUG - [INFO] Request Completed for `Pancard` 
2023-04-02 23:28:08,030 - main - DEBUG - ######################################################################################
2023-04-02 23:30:05,460 - main - DEBUG - [INFO] Request received for `Pancard`...
2023-04-02 23:30:05,464 - main - DEBUG - [INFO] Document image file uploaded successfully: `uploads/Pancard/pan_from_internet2.png` 
2023-04-02 23:30:05,464 - main - DEBUG - [INFO] Processing image file...
2023-04-02 23:30:07,251 - main - DEBUG - [INFO] Pancard Raw text: `['SR', 'et', 'HYA', 'AYPRY', 'INCOME', 'TAX', 'DEPARTMENT', 'GOVT.', 'OF', 'INDIA', '-', 'D', 'MANIKANDAN', '7', ':', 'v,:(l;),', 'Ay', 'DURAISAMY', 'T', '16/07/1986', 'Loy', 'Permanent', 'Account', 'Number', 'BNZPM2501F', '(Q.', 'mu\\ls\\a.mo-%\\q', 'Signature', 'Ll']` 
2023-04-02 23:30:07,371 - main - DEBUG - [INFO] found 1 face(s) In this document.
2023-04-02 23:30:07,374 - main - DEBUG - [INFO] Saving crop face to face folder...
2023-04-02 23:30:07,379 - main - DEBUG - [INFO] Pancard Clean Text Extracted: {'Pan No: ': 'BNZPM2501F', 'Birth Date: ': '16/07/1986', 'Name:': '-', "Father's Name:": 'D MANIKANDAN', 'Face_Found': 'True'}
2023-04-02 23:30:07,379 - main - DEBUG - [INFO] Request Completed for `Pancard` 
2023-04-02 23:30:07,379 - main - DEBUG - ######################################################################################
2023-04-02 23:32:04,143 - main - DEBUG - [INFO] Request received for `Pancard`...
2023-04-02 23:32:04,147 - main - DEBUG - [INFO] Document image file uploaded successfully: `uploads/Pancard/pan_from_internet2.png` 
2023-04-02 23:32:04,147 - main - DEBUG - [INFO] Processing image file...
2023-04-02 23:32:05,935 - main - DEBUG - [INFO] Pancard Raw text: `['SR', 'et', 'HYA', 'AYPRY', 'INCOME', 'TAX', 'DEPARTMENT', 'GOVT.', 'OF', 'INDIA', '-', 'D', 'MANIKANDAN', '7', ':', 'v,:(l;),', 'Ay', 'DURAISAMY', 'T', '16/07/1986', 'Loy', 'Permanent', 'Account', 'Number', 'BNZPM2501F', '(Q.', 'mu\\ls\\a.mo-%\\q', 'Signature', 'Ll']` 
2023-04-02 23:32:06,054 - main - DEBUG - [INFO] found 1 face(s) In this document.
2023-04-02 23:32:06,058 - main - DEBUG - [INFO] Saving crop face to face folder...
2023-04-02 23:32:06,063 - main - DEBUG - [INFO] Pancard Clean Text Extracted: {'Pan No: ': 'BNZPM2501F', 'Birth Date: ': '16/07/1986', 'Name:': 'D MANIKANDAN', "Father's Name:": 'DURAISAMY', 'Face_Found': 'True'}
2023-04-02 23:32:06,063 - main - DEBUG - [INFO] Request Completed for `Pancard` 
2023-04-02 23:32:06,063 - main - DEBUG - ######################################################################################
2023-04-02 23:32:20,383 - main - DEBUG - [INFO] Request received for `Aadhar_Card`...
2023-04-02 23:32:20,389 - main - DEBUG - [INFO] Document image file uploaded successfully: `uploads/Aadhar_Card/Screenshot_2023-03-13_at_10.45.33_PM.png` 
2023-04-02 23:32:20,389 - main - DEBUG - [INFO] Processing image file...
2023-04-02 23:32:27,816 - main - DEBUG - [INFO] Aadhar Card Raw Text `['GOVERNMENT OF INDIA', 'S Rishiraj', 'DOB 29/08/2002', 'MALE', '6682 7518 3359', 'VID VID 9140 5745 8952 5811']`
2023-04-02 23:32:29,620 - main - DEBUG - [INFO] found 1 face(s) In this document.
2023-04-02 23:32:29,632 - main - DEBUG - [INFO] Saving crop face to face folder...
2023-04-02 23:32:29,634 - main - DEBUG - [INFO] Aadhar Card  Clean Text Extracted: {'Aadhar No': '6682 7518 3359', 'Gender': 'Male', 'Date of Birth': '29/08/2002', 'Name': 'S Rishiraj', 'Face_Found': 'True'}
2023-04-02 23:32:29,635 - main - DEBUG - [INFO] Request Completed for `Aadhar_Card` 
2023-04-02 23:32:29,635 - main - DEBUG - ######################################################################################
